<?xml version="1.0" encoding="UTF-8"?>
<!-- Generated by org.testng.reporters.JUnitReportReporter -->
<testsuite hostname="DESKTOP-42M8LB2" failures="0" tests="1" name="test.ThreeTest" time="22.313" errors="0" timestamp="2022-05-02T18:39:46 IST" skipped="0">
  <testcase classname="test.ThreeTest" name="threeTest" time="22.313"/>
  <system-out/>
</testsuite> <!-- test.ThreeTest -->
