<?xml version="1.0" encoding="UTF-8"?>
<!-- Generated by org.testng.reporters.JUnitReportReporter -->
<testsuite hostname="DESKTOP-42M8LB2" failures="0" tests="2" name="test.LoginTest" time="51.420" errors="0" timestamp="2022-05-02T18:39:46 IST" skipped="0">
  <testcase classname="test.LoginTest" name="loginTest" time="25.816"/>
  <system-out/>
  <testcase classname="test.LoginTest" name="loginTest" time="25.604"/>
  <system-out/>
</testsuite> <!-- test.LoginTest -->
