<?xml version="1.0" encoding="UTF-8"?>
<!-- Generated by org.testng.reporters.JUnitReportReporter -->
<testsuite hostname="DESKTOP-42M8LB2" failures="0" tests="1" name="runner.Runner" time="16.393" errors="0" timestamp="2022-05-02T19:35:40 IST" skipped="0">
  <testcase classname="runner.Runner" name="runScenario" time="16.393"/>
  <system-out/>
</testsuite> <!-- runner.Runner -->
