<?xml version="1.0" encoding="UTF-8"?>
<!-- Generated by org.testng.reporters.JUnitReportReporter -->
<testsuite hostname="DESKTOP-42M8LB2" failures="0" tests="1" name="runner.Runner" time="18.204" errors="0" timestamp="2022-05-02T19:42:03 IST" skipped="0">
  <testcase classname="runner.Runner" name="runScenario" time="18.204"/>
  <system-out/>
</testsuite> <!-- runner.Runner -->
