<?xml version="1.0" encoding="UTF-8"?>
<!-- Generated by org.testng.reporters.JUnitReportReporter -->
<testsuite hostname="DESKTOP-42M8LB2" failures="0" tests="2" name="test.LoginTest" time="54.176" errors="0" timestamp="2022-04-30T23:32:48 IST" skipped="0">
  <testcase classname="test.LoginTest" name="loginTest" time="34.443"/>
  <system-out/>
  <testcase classname="test.LoginTest" name="loginTest" time="19.733"/>
  <system-out/>
</testsuite> <!-- test.LoginTest -->
