<?xml version="1.0" encoding="UTF-8"?>
<!-- Generated by org.testng.reporters.JUnitReportReporter -->
<testsuite hostname="DESKTOP-42M8LB2" failures="0" tests="1" name="test.FourTest" time="0.000" errors="0" timestamp="2022-04-30T23:32:48 IST" skipped="0">
  <testcase classname="test.FourTest" name="fourTest" time="0.000"/>
  <system-out/>
</testsuite> <!-- test.FourTest -->
